PRSice 2.2.11.b (2019-10-16) 
https://github.com/choishingwan/PRSice
(C) 2016-2019 Shing Wan (Sam) Choi and Paul F. O'Reilly
GNU General Public License v3
If you use PRSice in any published work, please cite:
Choi SW, O'Reilly PF.
PRSice-2: Polygenic Risk Score Software for Biobank-Scale Data.
GigaScience 8, no. 7 (July 1, 2019)
2022-07-06 17:37:06
./PRSice_linux \
    --bar-levels 0.001,0.05,0.1,0.2,0.3,0.4,0.5,1 \
    --base /home/wangzhe/projects/20220629_GWA_tutorial/PRS/file1.txt \
    --binary-target T \
    --clump-kb 250 \
    --clump-p 1.000000 \
    --clump-r2 0.100000 \
    --interval 5e-05 \
    --lower 5e-08 \
    --or  \
    --out PRSice \
    --seed 3674421735 \
    --stat OR \
    --target /home/wangzhe/projects/gwas/SNP_data/selected_two_cohorts \
    --thread 1 \
    --upper 0.5

Initializing Genotype file: 
/home/wangzhe/projects/gwas/SNP_data/selected_two_cohorts 
(bed) 

Start processing file1 
================================================== 

Base file: 
/home/wangzhe/projects/20220629_GWA_tutorial/PRS/file1.txt 
2 variant(s) observed in base file, with: 
2 total variant(s) included from base file 

Loading Genotype info from target 
================================================== 

4945 people (0 male(s), 0 female(s)) observed 
4945 founder(s) included 

13480083 variant(s) not found in previous data 
0 variant(s) included 

Error: No vairant remained! 

